[00:59:16] [ServerMain/INFO]: [bootstrap] Running Java 21 (OpenJDK 64-Bit Server VM 21.0.7+6-Ubuntu-0ubuntu120.04; Ubuntu null) on Linux 6.8.0-1030-azure (amd64)
[00:59:16] [ServerMain/INFO]: [bootstrap] Loading Paper 1.21.8-6-main@782ce95 (2025-07-18T20:26:58Z) for Minecraft 1.21.8
[00:59:16] [ServerMain/INFO]: [PluginInitializerManager] Initializing plugins...
[00:59:18] [ServerMain/INFO]: [PluginInitializerManager] Initialized 2 plugins
[00:59:18] [ServerMain/INFO]: [PluginInitializerManager] Bukkit plugins (2):
 - Chunky (1.4.40), Waypoints (4.5.8)
[00:59:23] [ServerMain/INFO]: Environment: Environment[sessionHost=https://sessionserver.mojang.com, servicesHost=https://api.minecraftservices.com, name=PROD]
[00:59:25] [ServerMain/INFO]: Loaded 1407 recipes
[00:59:25] [ServerMain/INFO]: Loaded 1520 advancements
[00:59:25] [ServerMain/INFO]: [ca.spottedleaf.dataconverter.minecraft.datatypes.MCTypeRegistry] Initialising converters for DataConverter...
[00:59:25] [ServerMain/INFO]: [ca.spottedleaf.dataconverter.minecraft.datatypes.MCTypeRegistry] Finished initialising converters for DataConverter in 404.9ms
[00:59:25] [Server thread/INFO]: Starting minecraft server version 1.21.8
[00:59:25] [Server thread/INFO]: Loading properties
[00:59:25] [Server thread/INFO]: This server is running Paper version 1.21.8-6-main@782ce95 (2025-07-18T20:26:58Z) (Implementing API version 1.21.8-R0.1-SNAPSHOT)
[00:59:25] [Server thread/INFO]: [spark] This server bundles the spark profiler. For more information please visit https://docs.papermc.io/paper/profiling
[00:59:26] [Server thread/INFO]: Server Ping Player Sample Count: 12
[00:59:26] [Server thread/INFO]: Using 4 threads for Netty based IO
[00:59:27] [Server thread/INFO]: [MoonriseCommon] Paper is using 1 worker threads, 1 I/O threads
[00:59:27] [Server thread/INFO]: [ChunkTaskScheduler] Chunk system is using population gen parallelism: true
[00:59:28] [Server thread/INFO]: Default game type: SURVIVAL
[00:59:28] [Server thread/INFO]: Generating keypair
[00:59:28] [Server thread/INFO]: Starting Minecraft server on *:25565
[00:59:28] [Server thread/INFO]: Using epoll channel type
[00:59:28] [Server thread/INFO]: Paper: Using libdeflate (Linux x86_64) compression from Velocity.
[00:59:28] [Server thread/INFO]: Paper: Using OpenSSL 1.1.x (Linux x86_64) cipher from Velocity.
[00:59:28] [Server thread/INFO]: [SpigotLibraryLoader] [Waypoints] Loading 3 libraries... please wait
[00:59:29] [Server thread/INFO]: [SpigotLibraryLoader] [Waypoints] Loaded library /workspaces/mi_server2/servidor_minecraft/libraries/org/jetbrains/kotlin/kotlin-stdlib/2.2.0/kotlin-stdlib-2.2.0.jar
[00:59:29] [Server thread/INFO]: [SpigotLibraryLoader] [Waypoints] Loaded library /workspaces/mi_server2/servidor_minecraft/libraries/org/jetbrains/annotations/13.0/annotations-13.0.jar
[00:59:29] [Server thread/INFO]: [SpigotLibraryLoader] [Waypoints] Loaded library /workspaces/mi_server2/servidor_minecraft/libraries/org/jetbrains/kotlin/kotlin-reflect/2.2.0/kotlin-reflect-2.2.0.jar
[00:59:29] [Server thread/INFO]: [SpigotLibraryLoader] [Waypoints] Loaded library /workspaces/mi_server2/servidor_minecraft/libraries/org/jetbrains/kotlinx/kotlinx-coroutines-core-jvm/1.10.2/kotlinx-coroutines-core-jvm-1.10.2.jar
[00:59:30] [Server thread/INFO]: [Chunky] Loading server plugin Chunky v1.4.40
[00:59:30] [Server thread/INFO]: [Waypoints] Loading server plugin Waypoints v4.5.8
[00:59:31] [Server thread/INFO]: Server permissions file permissions.yml is empty, ignoring it
[00:59:31] [Server thread/WARN]: **** SERVER IS RUNNING IN OFFLINE/INSECURE MODE!
[00:59:31] [Server thread/WARN]: The server will make no attempt to authenticate usernames. Beware.
[00:59:31] [Server thread/WARN]: While this makes the game possible to play without internet access, it also opens up the ability for hackers to connect with any username they choose.
[00:59:31] [Server thread/WARN]: To change this, set "online-mode" to "true" in the server.properties file.
[00:59:31] [Server thread/INFO]: Preparing level "Gabito"
[00:59:32] [Server thread/INFO]: Preparing start region for dimension minecraft:overworld
[00:59:33] [Server thread/INFO]: Preparing spawn area: 0%
[00:59:33] [Server thread/INFO]: Preparing spawn area: 0%
[00:59:33] [Server thread/INFO]: Preparing spawn area: 0%
[00:59:33] [Server thread/INFO]: Preparing spawn area: 0%
[00:59:33] [Server thread/INFO]: Time elapsed: 1742 ms
[00:59:33] [Server thread/INFO]: Preparing start region for dimension minecraft:the_nether
[00:59:33] [Server thread/INFO]: Preparing spawn area: 0%
[00:59:34] [Server thread/INFO]: Time elapsed: 350 ms
[00:59:34] [Server thread/INFO]: Preparing start region for dimension minecraft:the_end
[00:59:34] [Server thread/INFO]: Preparing spawn area: 0%
[00:59:34] [Server thread/INFO]: Time elapsed: 304 ms
[00:59:34] [Server thread/INFO]: [Chunky] Enabling Chunky v1.4.40
[00:59:34] [Server thread/INFO]: [Waypoints] Enabling Waypoints v4.5.8
[00:59:36] [Server thread/INFO]: [spark] Starting background profiler...
[00:59:37] [Server thread/INFO]: Done preparing level "Gabito" (5.999s)
[00:59:37] [Server thread/INFO]: Running delayed init tasks
[00:59:37] [Server thread/INFO]: Done (23.227s)! For help, type "help"
[00:59:37] [Craft Scheduler Thread - 3 - Waypoints/INFO]: [Waypoints] The latest version of Waypoints is used
[01:00:21] [User Authenticator #0/INFO]: UUID of player Tsuyoi is be812d96-d762-3bbd-aedb-2a8c943d8d21
[01:00:22] [Server thread/INFO]: Tsuyoi joined the game
[01:00:23] [Server thread/INFO]: Tsuyoi[/10.243.0.128:56601] logged in with entity id 88 at ([Gabito]-18.665011693279826, 94.0, 4.300000011920929)
[01:04:50] [Server thread/INFO]: Tsuyoi lost connection: Disconnected
[01:04:50] [Server thread/INFO]: Tsuyoi left the game
[01:07:29] [User Authenticator #1/INFO]: UUID of player Tsuyoi is be812d96-d762-3bbd-aedb-2a8c943d8d21
[01:07:29] [Server thread/INFO]: Tsuyoi joined the game
[01:07:29] [Server thread/INFO]: Tsuyoi[/10.243.0.128:56980] logged in with entity id 1450 at ([Gabito]-10.6191889864075, 90.0, -3.180532700014248)
[01:08:41] [Server thread/INFO]: Tsuyoi issued server command: /chunky continue
[01:08:43] [Server thread/INFO]: [Chunky] Task running for Gabito. Processed: 1939 chunks (0.00%), ETA: 88:02:05, Rate: 123.3 cps, Current: 48, 1
[01:08:44] [Server thread/INFO]: [Chunky] Task running for Gabito. Processed: 1953 chunks (0.00%), ETA: 389:22:25, Rate: 27.9 cps, Current: 49, 2
[01:08:45] [Server thread/INFO]: [Chunky] Task running for Gabito. Processed: 1979 chunks (0.01%), ETA: 411:07:39, Rate: 26.4 cps, Current: 57, 7
[01:08:46] [Server thread/INFO]: [Chunky] Task running for Gabito. Processed: 2007 chunks (0.01%), ETA: 420:00:34, Rate: 25.8 cps, Current: 59, 6
[01:08:48] [Server thread/INFO]: [Chunky] Task running for Gabito. Processed: 2037 chunks (0.01%), ETA: 435:49:41, Rate: 24.9 cps, Current: 55, 0
[01:08:48] [Server thread/INFO]: Tsuyoi issued server command: /chunky progress
[01:08:49] [Server thread/INFO]: [Chunky] Task running for Gabito. Processed: 2057 chunks (0.01%), ETA: 452:44:18, Rate: 24.0 cps, Current: 34, -25
[01:08:50] [Server thread/INFO]: [Chunky] Task running for Gabito. Processed: 2063 chunks (0.01%), ETA: 511:52:36, Rate: 21.2 cps, Current: 61, 1
[01:08:51] [Server thread/INFO]: [Chunky] Task running for Gabito. Processed: 2085 chunks (0.01%), ETA: 539:10:18, Rate: 20.1 cps, Current: 37, -29
[01:08:53] [Server thread/INFO]: [Chunky] Task running for Gabito. Processed: 2100 chunks (0.01%), ETA: 578:52:40, Rate: 18.7 cps, Current: 37, -25
[01:08:54] [Server thread/INFO]: [Chunky] Task running for Gabito. Processed: 2101 chunks (0.01%), ETA: 642:02:59, Rate: 16.9 cps, Current: 38, -31
[01:08:55] [Server thread/INFO]: [Chunky] Task running for Gabito. Processed: 2112 chunks (0.01%), ETA: 661:57:17, Rate: 16.4 cps, Current: 41, -30
[01:08:56] [Server thread/INFO]: [Chunky] Task running for Gabito. Processed: 2117 chunks (0.01%), ETA: 703:06:05, Rate: 15.4 cps, Current: 40, -29
[01:08:57] [Server thread/INFO]: [Chunky] Task running for Gabito. Processed: 2137 chunks (0.01%), ETA: 689:12:06, Rate: 15.7 cps, Current: 45, -29
